<?xml version="1.0" encoding="UTF-8"?>
<testsuite xmlns:xsi="http://www.w3.org/2001/XMLSchema-instance" xsi:noNamespaceSchemaLocation="https://maven.apache.org/surefire/maven-surefire-plugin/xsd/surefire-test-report.xsd" name="com.kyle.AppTest" time="0.039" tests="1" errors="0" skipped="0" failures="0">
  <properties>
    <property name="sun.desktop" value="windows"/>
    <property name="awt.toolkit" value="sun.awt.windows.WToolkit"/>
    <property name="java.specification.version" value="11"/>
    <property name="sun.cpu.isalist" value="amd64"/>
    <property name="sun.jnu.encoding" value="Cp1252"/>
    <property name="java.class.path" value="C:\Users\kyle_\Documents\fixme\router\target\test-classes;C:\Users\kyle_\Documents\fixme\router\target\classes;C:\Users\kyle_\.m2\repository\junit\junit\4.11\junit-4.11.jar;C:\Users\kyle_\.m2\repository\org\hamcrest\hamcrest-core\1.3\hamcrest-core-1.3.jar;C:\Users\kyle_\.m2\repository\com\microsoft\azure\cognitiveservices\azure-cognitiveservices-customvision-training\1.0.2-beta\azure-cognitiveservices-customvision-training-1.0.2-beta.jar;C:\Users\kyle_\.m2\repository\com\microsoft\azure\azure-client-runtime\1.4.0\azure-client-runtime-1.4.0.jar;C:\Users\kyle_\.m2\repository\com\microsoft\rest\client-runtime\1.4.0\client-runtime-1.4.0.jar;C:\Users\kyle_\.m2\repository\com\google\guava\guava\20.0\guava-20.0.jar;C:\Users\kyle_\.m2\repository\com\squareup\retrofit2\retrofit\2.1.0\retrofit-2.1.0.jar;C:\Users\kyle_\.m2\repository\com\squareup\okhttp3\okhttp\3.4.2\okhttp-3.4.2.jar;C:\Users\kyle_\.m2\repository\com\squareup\okio\okio\1.9.0\okio-1.9.0.jar;C:\Users\kyle_\.m2\repository\com\squareup\okhttp3\logging-interceptor\3.4.2\logging-interceptor-3.4.2.jar;C:\Users\kyle_\.m2\repository\com\squareup\okhttp3\okhttp-urlconnection\3.4.2\okhttp-urlconnection-3.4.2.jar;C:\Users\kyle_\.m2\repository\com\squareup\retrofit2\converter-jackson\2.1.0\converter-jackson-2.1.0.jar;C:\Users\kyle_\.m2\repository\com\fasterxml\jackson\core\jackson-databind\2.7.2\jackson-databind-2.7.2.jar;C:\Users\kyle_\.m2\repository\com\fasterxml\jackson\datatype\jackson-datatype-joda\2.7.2\jackson-datatype-joda-2.7.2.jar;C:\Users\kyle_\.m2\repository\com\fasterxml\jackson\core\jackson-annotations\2.7.0\jackson-annotations-2.7.0.jar;C:\Users\kyle_\.m2\repository\com\fasterxml\jackson\core\jackson-core\2.7.2\jackson-core-2.7.2.jar;C:\Users\kyle_\.m2\repository\joda-time\joda-time\2.4\joda-time-2.4.jar;C:\Users\kyle_\.m2\repository\org\apache\commons\commons-lang3\3.4\commons-lang3-3.4.jar;C:\Users\kyle_\.m2\repository\io\reactivex\rxjava\1.2.4\rxjava-1.2.4.jar;C:\Users\kyle_\.m2\repository\com\squareup\retrofit2\adapter-rxjava\2.1.0\adapter-rxjava-2.1.0.jar;C:\Users\kyle_\.m2\repository\org\slf4j\slf4j-api\1.7.22\slf4j-api-1.7.22.jar;C:\Users\kyle_\.m2\repository\com\microsoft\azure\azure-annotations\1.2.0\azure-annotations-1.2.0.jar;C:\Users\kyle_\.m2\repository\org\apache\commons\commons-collections4\4.1\commons-collections4-4.1.jar;"/>
    <property name="java.vm.vendor" value="AdoptOpenJDK"/>
    <property name="sun.arch.data.model" value="64"/>
    <property name="user.variant" value=""/>
    <property name="java.vendor.url" value="https://adoptopenjdk.net/"/>
    <property name="user.timezone" value="Africa/Harare"/>
    <property name="java.vm.specification.version" value="11"/>
    <property name="os.name" value="Windows 10"/>
    <property name="sun.java.launcher" value="SUN_STANDARD"/>
    <property name="user.country" value="ZA"/>
    <property name="sun.boot.library.path" value="C:\Users\kyle_\AppData\Local\Programs\AdoptOpenJDK\bin"/>
    <property name="sun.java.command" value="C:\Users\kyle_\AppData\Local\Temp\surefire7903262606694811142\surefirebooter6622500080243228561.jar C:\Users\kyle_\AppData\Local\Temp\surefire7903262606694811142 2020-12-15T09-01-38_435-jvmRun1 surefire1696167228217574003tmp surefire_016558646486485458982tmp"/>
    <property name="jdk.debug" value="release"/>
    <property name="surefire.test.class.path" value="C:\Users\kyle_\Documents\fixme\router\target\test-classes;C:\Users\kyle_\Documents\fixme\router\target\classes;C:\Users\kyle_\.m2\repository\junit\junit\4.11\junit-4.11.jar;C:\Users\kyle_\.m2\repository\org\hamcrest\hamcrest-core\1.3\hamcrest-core-1.3.jar;C:\Users\kyle_\.m2\repository\com\microsoft\azure\cognitiveservices\azure-cognitiveservices-customvision-training\1.0.2-beta\azure-cognitiveservices-customvision-training-1.0.2-beta.jar;C:\Users\kyle_\.m2\repository\com\microsoft\azure\azure-client-runtime\1.4.0\azure-client-runtime-1.4.0.jar;C:\Users\kyle_\.m2\repository\com\microsoft\rest\client-runtime\1.4.0\client-runtime-1.4.0.jar;C:\Users\kyle_\.m2\repository\com\google\guava\guava\20.0\guava-20.0.jar;C:\Users\kyle_\.m2\repository\com\squareup\retrofit2\retrofit\2.1.0\retrofit-2.1.0.jar;C:\Users\kyle_\.m2\repository\com\squareup\okhttp3\okhttp\3.4.2\okhttp-3.4.2.jar;C:\Users\kyle_\.m2\repository\com\squareup\okio\okio\1.9.0\okio-1.9.0.jar;C:\Users\kyle_\.m2\repository\com\squareup\okhttp3\logging-interceptor\3.4.2\logging-interceptor-3.4.2.jar;C:\Users\kyle_\.m2\repository\com\squareup\okhttp3\okhttp-urlconnection\3.4.2\okhttp-urlconnection-3.4.2.jar;C:\Users\kyle_\.m2\repository\com\squareup\retrofit2\converter-jackson\2.1.0\converter-jackson-2.1.0.jar;C:\Users\kyle_\.m2\repository\com\fasterxml\jackson\core\jackson-databind\2.7.2\jackson-databind-2.7.2.jar;C:\Users\kyle_\.m2\repository\com\fasterxml\jackson\datatype\jackson-datatype-joda\2.7.2\jackson-datatype-joda-2.7.2.jar;C:\Users\kyle_\.m2\repository\com\fasterxml\jackson\core\jackson-annotations\2.7.0\jackson-annotations-2.7.0.jar;C:\Users\kyle_\.m2\repository\com\fasterxml\jackson\core\jackson-core\2.7.2\jackson-core-2.7.2.jar;C:\Users\kyle_\.m2\repository\joda-time\joda-time\2.4\joda-time-2.4.jar;C:\Users\kyle_\.m2\repository\org\apache\commons\commons-lang3\3.4\commons-lang3-3.4.jar;C:\Users\kyle_\.m2\repository\io\reactivex\rxjava\1.2.4\rxjava-1.2.4.jar;C:\Users\kyle_\.m2\repository\com\squareup\retrofit2\adapter-rxjava\2.1.0\adapter-rxjava-2.1.0.jar;C:\Users\kyle_\.m2\repository\org\slf4j\slf4j-api\1.7.22\slf4j-api-1.7.22.jar;C:\Users\kyle_\.m2\repository\com\microsoft\azure\azure-annotations\1.2.0\azure-annotations-1.2.0.jar;C:\Users\kyle_\.m2\repository\org\apache\commons\commons-collections4\4.1\commons-collections4-4.1.jar;"/>
    <property name="sun.cpu.endian" value="little"/>
    <property name="user.home" value="C:\Users\kyle_"/>
    <property name="user.language" value="en"/>
    <property name="java.specification.vendor" value="Oracle Corporation"/>
    <property name="java.version.date" value="2020-07-14"/>
    <property name="java.home" value="C:\Users\kyle_\AppData\Local\Programs\AdoptOpenJDK"/>
    <property name="file.separator" value="\"/>
    <property name="basedir" value="C:\Users\kyle_\Documents\fixme\router"/>
    <property name="java.vm.compressedOopsMode" value="Zero based"/>
    <property name="line.separator" value="&#10;"/>
    <property name="java.specification.name" value="Java Platform API Specification"/>
    <property name="java.vm.specification.vendor" value="Oracle Corporation"/>
    <property name="java.awt.graphicsenv" value="sun.awt.Win32GraphicsEnvironment"/>
    <property name="surefire.real.class.path" value="C:\Users\kyle_\AppData\Local\Temp\surefire7903262606694811142\surefirebooter6622500080243228561.jar"/>
    <property name="user.script" value=""/>
    <property name="sun.management.compiler" value="HotSpot 64-Bit Tiered Compilers"/>
    <property name="java.runtime.version" value="11.0.8+10"/>
    <property name="user.name" value="kyle_"/>
    <property name="path.separator" value=";"/>
    <property name="os.version" value="10.0"/>
    <property name="java.runtime.name" value="OpenJDK Runtime Environment"/>
    <property name="file.encoding" value="Cp1252"/>
    <property name="java.vm.name" value="OpenJDK 64-Bit Server VM"/>
    <property name="java.vendor.version" value="AdoptOpenJDK"/>
    <property name="localRepository" value="C:\Users\kyle_\.m2\repository"/>
    <property name="java.vendor.url.bug" value="https://github.com/AdoptOpenJDK/openjdk-support/issues"/>
    <property name="java.io.tmpdir" value="C:\Users\kyle_\AppData\Local\Temp\"/>
    <property name="java.version" value="11.0.8"/>
    <property name="user.dir" value="C:\Users\kyle_\Documents\fixme\router"/>
    <property name="os.arch" value="amd64"/>
    <property name="java.vm.specification.name" value="Java Virtual Machine Specification"/>
    <property name="java.awt.printerjob" value="sun.awt.windows.WPrinterJob"/>
    <property name="sun.os.patch.level" value=""/>
    <property name="java.library.path" value="C:\Users\kyle_\AppData\Local\Programs\AdoptOpenJDK\bin;C:\Windows\Sun\Java\bin;C:\Windows\system32;C:\Windows;C:\Program Files\Git\mingw64\bin;C:\Program Files\Git\usr\bin;C:\Users\kyle_\bin;C:\Windows\system32;C:\Windows;C:\Windows\System32\Wbem;C:\Windows\System32\WindowsPowerShell\v1.0;C:\Windows\System32\OpenSSH;C:\Program Files (x86)\NVIDIA Corporation\PhysX\Common;C:\Program Files\Git\cmd;C:\Program Files\apache-maven-3.6.3\bin;C:\Program Files\dotnet;C:\Program Files\Microsoft SQL Server\130\Tools\Binn;C:\Program Files\Microsoft SQL Server\Client SDK\ODBC\170\Tools\Binn;C:\Program Files\MySQL\MySQL Shell 8.0\bin;C:\Program Files\apache-maven-3.6.3\bin;C:\Users\kyle_\AppData\Local\Programs\AdoptOpenJDK\bin;C:\Users\kyle_\AppData\Local\Microsoft\WindowsApps;C:\Users\kyle_\AppData\Local\Programs\Microsoft VS Code\bin;C:\Users\kyle_\.dotnet\tools;C:\Program Files\MySQL\MySQL Server 8.0\bin;."/>
    <property name="java.vm.info" value="mixed mode"/>
    <property name="java.vendor" value="AdoptOpenJDK"/>
    <property name="java.vm.version" value="11.0.8+10"/>
    <property name="sun.io.unicode.encoding" value="UnicodeLittle"/>
    <property name="java.class.version" value="55.0"/>
  </properties>
  <testcase name="shouldAnswerWithTrue" classname="com.kyle.AppTest" time="0.001"/>
</testsuite>